This file contains any messages produced by compilers while
running configure, to aid debugging if configure makes a mistake.

It was created by e3sm_io configure 1.3.0, which was
generated by GNU Autoconf 2.71.  Invocation command line was

  $ /home/asasidharan/H5BENCH/h5bench/e3sm/configure --prefix=/home/asasidharan/H5BENCH/h5bench/build --with-hdf5=/home/asasidharan/spack/opt/spack/linux-ubuntu22.04-skylake_avx512/gcc-11.3.0/hdf5-1.14.0-mib6axlcq2pzpuwivd2ijdbqmdmth43k

## --------- ##
## Platform. ##
## --------- ##

hostname = ares-comp-18
uname -m = x86_64
uname -r = 5.15.0-88-generic
uname -s = Linux
uname -v = #98-Ubuntu SMP Mon Oct 2 15:18:56 UTC 2023

/usr/bin/uname -p = x86_64
/bin/uname -X     = unknown

/bin/arch              = x86_64
/usr/bin/arch -k       = unknown
/usr/convex/getsysinfo = unknown
/usr/bin/hostinfo      = unknown
/bin/machine           = unknown
/usr/bin/oslevel       = unknown
/bin/universe          = unknown

PATH: /mnt/common/asasidharan/spack/var/spack/environments/new-env6/.spack-env/view/bin/
PATH: /home/asasidharan/spack/bin/
PATH: /home/asasidharan/.local/bin/
PATH: /home/asasidharan/bin/
PATH: /usr/local/sbin/
PATH: /usr/local/bin/
PATH: /usr/sbin/
PATH: /usr/bin/
PATH: /sbin/
PATH: /bin/
PATH: /usr/games/
PATH: /usr/local/games/
PATH: /snap/bin/


## ----------- ##
## Core tests. ##
## ----------- ##

configure:3269: looking for aux files: config.guess config.sub ltmain.sh compile missing install-sh
configure:3282:  trying ././scripts/
configure:3311:   ././scripts/config.guess found
configure:3311:   ././scripts/config.sub found
configure:3311:   ././scripts/ltmain.sh found
configure:3311:   ././scripts/compile found
configure:3311:   ././scripts/missing found
configure:3293:   ././scripts/install-sh found
configure:3452: checking for a BSD-compatible install
configure:3525: result: /usr/bin/install -c
configure:3536: checking whether build environment is sane
configure:3591: result: yes
configure:3750: checking for a race-free mkdir -p
configure:3794: result: /usr/bin/mkdir -p
configure:3801: checking for gawk
configure:3822: found /usr/bin/gawk
configure:3833: result: gawk
configure:3844: checking whether make sets $(MAKE)
configure:3867: result: yes
configure:3897: checking whether make supports nested variables
configure:3915: result: yes
configure:4063: checking whether make supports nested variables
configure:4081: result: yes
configure:4093: checking whether to enable maintainer-specific portions of Makefiles
configure:4103: result: yes
configure:4135: checking for a sed that does not truncate output
configure:4205: result: /usr/bin/sed
configure:4212: checking for sed handling option -i 
configure:4235: result: /usr/bin/sed -i''
configure:4241: checking for grep that handles long lines and -e
configure:4305: result: /usr/bin/grep
configure:4310: checking for egrep
configure:4378: result: /usr/bin/grep -E
configure:4687: checking whether /mnt/common/asasidharan/spack/var/spack/environments/new-env6/.spack-env/view/bin/mpicc exists and is executable
configure:4690: result: yes
configure:4866: checking for gcc
configure:4898: result: /mnt/common/asasidharan/spack/var/spack/environments/new-env6/.spack-env/view/bin/mpicc
configure:5251: checking for C compiler version
configure:5260: /mnt/common/asasidharan/spack/var/spack/environments/new-env6/.spack-env/view/bin/mpicc --version >&5
gcc (Ubuntu 11.4.0-1ubuntu1~22.04) 11.4.0
Copyright (C) 2021 Free Software Foundation, Inc.
This is free software; see the source for copying conditions.  There is NO
warranty; not even for MERCHANTABILITY or FITNESS FOR A PARTICULAR PURPOSE.

configure:5271: $? = 0
configure:5260: /mnt/common/asasidharan/spack/var/spack/environments/new-env6/.spack-env/view/bin/mpicc -v >&5
mpicc for MPICH version 4.1.1
Using built-in specs.
COLLECT_GCC=/usr/bin/gcc
COLLECT_LTO_WRAPPER=/usr/lib/gcc/x86_64-linux-gnu/11/lto-wrapper
OFFLOAD_TARGET_NAMES=nvptx-none:amdgcn-amdhsa
OFFLOAD_TARGET_DEFAULT=1
Target: x86_64-linux-gnu
Configured with: ../src/configure -v --with-pkgversion='Ubuntu 11.4.0-1ubuntu1~22.04' --with-bugurl=file:///usr/share/doc/gcc-11/README.Bugs --enable-languages=c,ada,c++,go,brig,d,fortran,objc,obj-c++,m2 --prefix=/usr --with-gcc-major-version-only --program-suffix=-11 --program-prefix=x86_64-linux-gnu- --enable-shared --enable-linker-build-id --libexecdir=/usr/lib --without-included-gettext --enable-threads=posix --libdir=/usr/lib --enable-nls --enable-bootstrap --enable-clocale=gnu --enable-libstdcxx-debug --enable-libstdcxx-time=yes --with-default-libstdcxx-abi=new --enable-gnu-unique-object --disable-vtable-verify --enable-plugin --enable-default-pie --with-system-zlib --enable-libphobos-checking=release --with-target-system-zlib=auto --enable-objc-gc=auto --enable-multiarch --disable-werror --enable-cet --with-arch-32=i686 --with-abi=m64 --with-multilib-list=m32,m64,mx32 --enable-multilib --with-tune=generic --enable-offload-targets=nvptx-none=/build/gcc-11-XeT9lY/gcc-11-11.4.0/debian/tmp-nvptx/usr,amdgcn-amdhsa=/build/gcc-11-XeT9lY/gcc-11-11.4.0/debian/tmp-gcn/usr --without-cuda-driver --enable-checking=release --build=x86_64-linux-gnu --host=x86_64-linux-gnu --target=x86_64-linux-gnu --with-build-config=bootstrap-lto-lean --enable-link-serialization=2
Thread model: posix
Supported LTO compression algorithms: zlib zstd
gcc version 11.4.0 (Ubuntu 11.4.0-1ubuntu1~22.04) 
... rest of stderr output deleted ...
configure:5271: $? = 0
configure:5260: /mnt/common/asasidharan/spack/var/spack/environments/new-env6/.spack-env/view/bin/mpicc -V >&5
gcc: error: unrecognized command-line option '-V'
configure:5271: $? = 1
configure:5260: /mnt/common/asasidharan/spack/var/spack/environments/new-env6/.spack-env/view/bin/mpicc -qversion >&5
gcc: error: unrecognized command-line option '-qversion'; did you mean '--version'?
configure:5271: $? = 1
configure:5260: /mnt/common/asasidharan/spack/var/spack/environments/new-env6/.spack-env/view/bin/mpicc -version >&5
gcc: error: unrecognized command-line option '-version'
configure:5271: $? = 1
configure:5291: checking whether the C compiler works
configure:5313: /mnt/common/asasidharan/spack/var/spack/environments/new-env6/.spack-env/view/bin/mpicc    conftest.c  >&5
configure:5317: $? = 0
configure:5367: result: yes
configure:5370: checking for C compiler default output file name
configure:5372: result: a.out
configure:5378: checking for suffix of executables
configure:5385: /mnt/common/asasidharan/spack/var/spack/environments/new-env6/.spack-env/view/bin/mpicc -o conftest    conftest.c  >&5
configure:5389: $? = 0
configure:5412: result: 
configure:5434: checking whether we are cross compiling
configure:5442: /mnt/common/asasidharan/spack/var/spack/environments/new-env6/.spack-env/view/bin/mpicc -o conftest    conftest.c  >&5
configure:5446: $? = 0
configure:5453: ./conftest
configure:5457: $? = 0
configure:5472: result: no
configure:5477: checking for suffix of object files
configure:5500: /mnt/common/asasidharan/spack/var/spack/environments/new-env6/.spack-env/view/bin/mpicc -c   conftest.c >&5
configure:5504: $? = 0
configure:5526: result: o
configure:5530: checking whether the compiler supports GNU C
configure:5550: /mnt/common/asasidharan/spack/var/spack/environments/new-env6/.spack-env/view/bin/mpicc -c   conftest.c >&5
configure:5550: $? = 0
configure:5560: result: yes
configure:5571: checking whether /mnt/common/asasidharan/spack/var/spack/environments/new-env6/.spack-env/view/bin/mpicc accepts -g
configure:5592: /mnt/common/asasidharan/spack/var/spack/environments/new-env6/.spack-env/view/bin/mpicc -c -g  conftest.c >&5
configure:5592: $? = 0
configure:5636: result: yes
configure:5656: checking for /mnt/common/asasidharan/spack/var/spack/environments/new-env6/.spack-env/view/bin/mpicc option to enable C11 features
configure:5671: /mnt/common/asasidharan/spack/var/spack/environments/new-env6/.spack-env/view/bin/mpicc  -c -g -O2  conftest.c >&5
configure:5671: $? = 0
configure:5689: result: none needed
configure:5805: checking whether /mnt/common/asasidharan/spack/var/spack/environments/new-env6/.spack-env/view/bin/mpicc understands -c and -o together
configure:5828: /mnt/common/asasidharan/spack/var/spack/environments/new-env6/.spack-env/view/bin/mpicc -c conftest.c -o conftest2.o
configure:5831: $? = 0
configure:5828: /mnt/common/asasidharan/spack/var/spack/environments/new-env6/.spack-env/view/bin/mpicc -c conftest.c -o conftest2.o
configure:5831: $? = 0
configure:5843: result: yes
configure:5863: checking whether make supports the include directive
configure:5878: make -f confmf.GNU && cat confinc.out
make[3]: Entering directory '/mnt/common/asasidharan/H5BENCH/h5bench/e3sm'
make[3]: Warning: File 'confinc.mk' has modification time 105 s in the future
make[3]: warning:  Clock skew detected.  Your build may be incomplete.
make[3]: Leaving directory '/mnt/common/asasidharan/H5BENCH/h5bench/e3sm'
this is the am__doit target
configure:5881: $? = 0
configure:5900: result: yes (GNU style)
configure:5926: checking dependency style of /mnt/common/asasidharan/spack/var/spack/environments/new-env6/.spack-env/view/bin/mpicc
configure:6038: result: gcc3
configure:6300: checking whether /mnt/common/asasidharan/spack/var/spack/environments/new-env6/.spack-env/view/bin/mpic++ exists and is executable
configure:6303: result: yes
configure:6544: checking for C++ compiler version
configure:6553: /mnt/common/asasidharan/spack/var/spack/environments/new-env6/.spack-env/view/bin/mpic++ --version >&5
g++ (Ubuntu 11.4.0-1ubuntu1~22.04) 11.4.0
Copyright (C) 2021 Free Software Foundation, Inc.
This is free software; see the source for copying conditions.  There is NO
warranty; not even for MERCHANTABILITY or FITNESS FOR A PARTICULAR PURPOSE.

configure:6564: $? = 0
configure:6553: /mnt/common/asasidharan/spack/var/spack/environments/new-env6/.spack-env/view/bin/mpic++ -v >&5
mpicxx for MPICH version 4.1.1
Using built-in specs.
COLLECT_GCC=/usr/bin/g++
COLLECT_LTO_WRAPPER=/usr/lib/gcc/x86_64-linux-gnu/11/lto-wrapper
OFFLOAD_TARGET_NAMES=nvptx-none:amdgcn-amdhsa
OFFLOAD_TARGET_DEFAULT=1
Target: x86_64-linux-gnu
Configured with: ../src/configure -v --with-pkgversion='Ubuntu 11.4.0-1ubuntu1~22.04' --with-bugurl=file:///usr/share/doc/gcc-11/README.Bugs --enable-languages=c,ada,c++,go,brig,d,fortran,objc,obj-c++,m2 --prefix=/usr --with-gcc-major-version-only --program-suffix=-11 --program-prefix=x86_64-linux-gnu- --enable-shared --enable-linker-build-id --libexecdir=/usr/lib --without-included-gettext --enable-threads=posix --libdir=/usr/lib --enable-nls --enable-bootstrap --enable-clocale=gnu --enable-libstdcxx-debug --enable-libstdcxx-time=yes --with-default-libstdcxx-abi=new --enable-gnu-unique-object --disable-vtable-verify --enable-plugin --enable-default-pie --with-system-zlib --enable-libphobos-checking=release --with-target-system-zlib=auto --enable-objc-gc=auto --enable-multiarch --disable-werror --enable-cet --with-arch-32=i686 --with-abi=m64 --with-multilib-list=m32,m64,mx32 --enable-multilib --with-tune=generic --enable-offload-targets=nvptx-none=/build/gcc-11-XeT9lY/gcc-11-11.4.0/debian/tmp-nvptx/usr,amdgcn-amdhsa=/build/gcc-11-XeT9lY/gcc-11-11.4.0/debian/tmp-gcn/usr --without-cuda-driver --enable-checking=release --build=x86_64-linux-gnu --host=x86_64-linux-gnu --target=x86_64-linux-gnu --with-build-config=bootstrap-lto-lean --enable-link-serialization=2
Thread model: posix
Supported LTO compression algorithms: zlib zstd
gcc version 11.4.0 (Ubuntu 11.4.0-1ubuntu1~22.04) 
... rest of stderr output deleted ...
configure:6564: $? = 0
configure:6553: /mnt/common/asasidharan/spack/var/spack/environments/new-env6/.spack-env/view/bin/mpic++ -V >&5
g++: error: unrecognized command-line option '-V'
configure:6564: $? = 1
configure:6553: /mnt/common/asasidharan/spack/var/spack/environments/new-env6/.spack-env/view/bin/mpic++ -qversion >&5
g++: error: unrecognized command-line option '-qversion'; did you mean '--version'?
configure:6564: $? = 1
configure:6568: checking whether the compiler supports GNU C++
configure:6588: /mnt/common/asasidharan/spack/var/spack/environments/new-env6/.spack-env/view/bin/mpic++ -c   conftest.cpp >&5
configure:6588: $? = 0
configure:6598: result: yes
configure:6609: checking whether /mnt/common/asasidharan/spack/var/spack/environments/new-env6/.spack-env/view/bin/mpic++ accepts -g
configure:6630: /mnt/common/asasidharan/spack/var/spack/environments/new-env6/.spack-env/view/bin/mpic++ -c -g  conftest.cpp >&5
configure:6630: $? = 0
configure:6674: result: yes
configure:6694: checking for /mnt/common/asasidharan/spack/var/spack/environments/new-env6/.spack-env/view/bin/mpic++ option to enable C++11 features
configure:6709: /mnt/common/asasidharan/spack/var/spack/environments/new-env6/.spack-env/view/bin/mpic++  -c -g -O2  conftest.cpp >&5
conftest.cpp: In function 'int main(int, char**)':
conftest.cpp:177:25: warning: empty parentheses were disambiguated as a function declaration [-Wvexing-parse]
  177 |   cxx11test::delegate d2();
      |                         ^~
conftest.cpp:177:25: note: remove parentheses to default-initialize a variable
  177 |   cxx11test::delegate d2();
      |                         ^~
      |                         --
conftest.cpp:177:25: note: or replace parentheses with braces to value-initialize a variable
configure:6709: $? = 0
configure:6727: result: none needed
configure:6793: checking dependency style of /mnt/common/asasidharan/spack/var/spack/environments/new-env6/.spack-env/view/bin/mpic++
configure:6905: result: gcc3
configure:6930: checking whether /mnt/common/asasidharan/spack/var/spack/environments/new-env6/.spack-env/view/bin/mpic++ supports C++17 features by default
configure:7725: /mnt/common/asasidharan/spack/var/spack/environments/new-env6/.spack-env/view/bin/mpic++ -c -g -O2  conftest.cpp >&5
configure:7725: $? = 0
configure:7733: result: yes
configure:9430: checking whether /mnt/common/asasidharan/spack/var/spack/environments/new-env6/.spack-env/view/bin/mpic++ supports C++11 features by default
configure:9727: /mnt/common/asasidharan/spack/var/spack/environments/new-env6/.spack-env/view/bin/mpic++ -c -g -O2  conftest.cpp >&5
configure:9727: $? = 0
configure:9735: result: yes
configure:10425: checking how to run the C preprocessor
configure:10451: /mnt/common/asasidharan/spack/var/spack/environments/new-env6/.spack-env/view/bin/mpicc -E  conftest.c
configure:10451: $? = 0
configure:10466: /mnt/common/asasidharan/spack/var/spack/environments/new-env6/.spack-env/view/bin/mpicc -E  conftest.c
conftest.c:13:10: fatal error: ac_nonexistent.h: No such file or directory
   13 | #include <ac_nonexistent.h>
      |          ^~~~~~~~~~~~~~~~~~
compilation terminated.
configure:10466: $? = 1
configure: failed program was:
| /* confdefs.h */
| #define PACKAGE_NAME "e3sm_io"
| #define PACKAGE_TARNAME "e3sm_io"
| #define PACKAGE_VERSION "1.3.0"
| #define PACKAGE_STRING "e3sm_io 1.3.0"
| #define PACKAGE_BUGREPORT ""
| #define PACKAGE_URL ""
| #define PACKAGE "e3sm_io"
| #define VERSION "1.3.0"
| #define HAVE_CXX17 1
| #define HAVE_CXX11 1
| /* end confdefs.h.  */
| #include <ac_nonexistent.h>
configure:10493: result: /mnt/common/asasidharan/spack/var/spack/environments/new-env6/.spack-env/view/bin/mpicc -E
configure:10507: /mnt/common/asasidharan/spack/var/spack/environments/new-env6/.spack-env/view/bin/mpicc -E  conftest.c
configure:10507: $? = 0
configure:10522: /mnt/common/asasidharan/spack/var/spack/environments/new-env6/.spack-env/view/bin/mpicc -E  conftest.c
conftest.c:13:10: fatal error: ac_nonexistent.h: No such file or directory
   13 | #include <ac_nonexistent.h>
      |          ^~~~~~~~~~~~~~~~~~
compilation terminated.
configure:10522: $? = 1
configure: failed program was:
| /* confdefs.h */
| #define PACKAGE_NAME "e3sm_io"
| #define PACKAGE_TARNAME "e3sm_io"
| #define PACKAGE_VERSION "1.3.0"
| #define PACKAGE_STRING "e3sm_io 1.3.0"
| #define PACKAGE_BUGREPORT ""
| #define PACKAGE_URL ""
| #define PACKAGE "e3sm_io"
| #define VERSION "1.3.0"
| #define HAVE_CXX17 1
| #define HAVE_CXX11 1
| /* end confdefs.h.  */
| #include <ac_nonexistent.h>
configure:10559: checking for MPI_Comm_rank
configure:10559: /mnt/common/asasidharan/spack/var/spack/environments/new-env6/.spack-env/view/bin/mpic++ -o conftest -g -O2   conftest.cpp  >&5
configure:10559: $? = 0
configure:10559: result: yes
configure:10635: checking for MPI_File_open
configure:10635: /mnt/common/asasidharan/spack/var/spack/environments/new-env6/.spack-env/view/bin/mpic++ -o conftest -g -O2   conftest.cpp  >&5
configure:10635: $? = 0
configure:10635: result: yes
configure:10746: checking build system type
configure:10761: result: x86_64-pc-linux-gnu
configure:10781: checking host system type
configure:10795: result: x86_64-pc-linux-gnu
configure:10836: checking how to print strings
configure:10863: result: printf
configure:10884: checking for a sed that does not truncate output
configure:10954: result: /usr/bin/sed
configure:10972: checking for fgrep
configure:11040: result: /usr/bin/grep -F
configure:11076: checking for ld used by /mnt/common/asasidharan/spack/var/spack/environments/new-env6/.spack-env/view/bin/mpicc
configure:11144: result: /usr/bin/ld
configure:11151: checking if the linker (/usr/bin/ld) is GNU ld
configure:11167: result: yes
configure:11179: checking for BSD- or MS-compatible name lister (nm)
configure:11234: result: /usr/bin/nm -B
configure:11374: checking the name lister (/usr/bin/nm -B) interface
configure:11382: /mnt/common/asasidharan/spack/var/spack/environments/new-env6/.spack-env/view/bin/mpicc -c -g -O2  conftest.c >&5
configure:11385: /usr/bin/nm -B "conftest.o"
configure:11388: output
0000000000000000 B some_variable
configure:11395: result: BSD nm
configure:11398: checking whether ln -s works
configure:11402: result: yes
configure:11410: checking the maximum length of command line arguments
configure:11542: result: 1572864
configure:11590: checking how to convert x86_64-pc-linux-gnu file names to x86_64-pc-linux-gnu format
configure:11631: result: func_convert_file_noop
configure:11638: checking how to convert x86_64-pc-linux-gnu file names to toolchain format
configure:11659: result: func_convert_file_noop
configure:11666: checking for /usr/bin/ld option to reload object files
configure:11674: result: -r
configure:11753: checking for objdump
configure:11774: found /usr/bin/objdump
configure:11785: result: objdump
configure:11817: checking how to recognize dependent libraries
configure:12018: result: pass_all
configure:12108: checking for dlltool
configure:12143: result: no
configure:12173: checking how to associate runtime and link libraries
configure:12201: result: printf %s\n
configure:12267: checking for ar
configure:12288: found /usr/bin/ar
configure:12299: result: ar
configure:12336: checking for archiver @FILE support
configure:12354: /mnt/common/asasidharan/spack/var/spack/environments/new-env6/.spack-env/view/bin/mpicc -c -g -O2  conftest.c >&5
configure:12354: $? = 0
configure:12358: ar cr libconftest.a @conftest.lst >&5
configure:12361: $? = 0
configure:12366: ar cr libconftest.a @conftest.lst >&5
ar: conftest.o: No such file or directory
configure:12369: $? = 1
configure:12381: result: @
configure:12444: checking for strip
configure:12465: found /usr/bin/strip
configure:12476: result: strip
configure:12553: checking for ranlib
configure:12574: found /usr/bin/ranlib
configure:12585: result: ranlib
configure:12687: checking command to parse /usr/bin/nm -B output from /mnt/common/asasidharan/spack/var/spack/environments/new-env6/.spack-env/view/bin/mpicc object
configure:12841: /mnt/common/asasidharan/spack/var/spack/environments/new-env6/.spack-env/view/bin/mpicc -c -g -O2  conftest.c >&5
configure:12844: $? = 0
configure:12848: /usr/bin/nm -B conftest.o | sed -n -e 's/^.*[	 ]\([ABCDGIRSTW][ABCDGIRSTW]*\)[	 ][	 ]*\([_A-Za-z][_A-Za-z0-9]*\)$/\1 \2 \2/p' | sed '/ __gnu_lto/d' > conftest.nm
configure:12914: /mnt/common/asasidharan/spack/var/spack/environments/new-env6/.spack-env/view/bin/mpicc -o conftest -g -O2   conftest.c conftstm.o >&5
configure:12917: $? = 0
configure:12955: result: ok
configure:13002: checking for sysroot
configure:13033: result: no
configure:13040: checking for a working dd
configure:13084: result: /usr/bin/dd
configure:13088: checking how to truncate binary pipes
configure:13104: result: /usr/bin/dd bs=4096 count=1
configure:13241: /mnt/common/asasidharan/spack/var/spack/environments/new-env6/.spack-env/view/bin/mpicc -c -g -O2  conftest.c >&5
configure:13244: $? = 0
configure:13441: checking for mt
configure:13462: found /usr/bin/mt
configure:13473: result: mt
configure:13496: checking if mt is a manifest tool
configure:13503: mt '-?'
configure:13511: result: no
configure:14241: checking for stdio.h
configure:14241: /mnt/common/asasidharan/spack/var/spack/environments/new-env6/.spack-env/view/bin/mpicc -c -g -O2  conftest.c >&5
configure:14241: $? = 0
configure:14241: result: yes
configure:14241: checking for stdlib.h
configure:14241: /mnt/common/asasidharan/spack/var/spack/environments/new-env6/.spack-env/view/bin/mpicc -c -g -O2  conftest.c >&5
configure:14241: $? = 0
configure:14241: result: yes
configure:14241: checking for string.h
configure:14241: /mnt/common/asasidharan/spack/var/spack/environments/new-env6/.spack-env/view/bin/mpicc -c -g -O2  conftest.c >&5
configure:14241: $? = 0
configure:14241: result: yes
configure:14241: checking for inttypes.h
configure:14241: /mnt/common/asasidharan/spack/var/spack/environments/new-env6/.spack-env/view/bin/mpicc -c -g -O2  conftest.c >&5
configure:14241: $? = 0
configure:14241: result: yes
configure:14241: checking for stdint.h
configure:14241: /mnt/common/asasidharan/spack/var/spack/environments/new-env6/.spack-env/view/bin/mpicc -c -g -O2  conftest.c >&5
configure:14241: $? = 0
configure:14241: result: yes
configure:14241: checking for strings.h
configure:14241: /mnt/common/asasidharan/spack/var/spack/environments/new-env6/.spack-env/view/bin/mpicc -c -g -O2  conftest.c >&5
configure:14241: $? = 0
configure:14241: result: yes
configure:14241: checking for sys/stat.h
configure:14241: /mnt/common/asasidharan/spack/var/spack/environments/new-env6/.spack-env/view/bin/mpicc -c -g -O2  conftest.c >&5
configure:14241: $? = 0
configure:14241: result: yes
configure:14241: checking for sys/types.h
configure:14241: /mnt/common/asasidharan/spack/var/spack/environments/new-env6/.spack-env/view/bin/mpicc -c -g -O2  conftest.c >&5
configure:14241: $? = 0
configure:14241: result: yes
configure:14241: checking for unistd.h
configure:14241: /mnt/common/asasidharan/spack/var/spack/environments/new-env6/.spack-env/view/bin/mpicc -c -g -O2  conftest.c >&5
configure:14241: $? = 0
configure:14241: result: yes
configure:14241: checking for filesystem
configure:14241: /mnt/common/asasidharan/spack/var/spack/environments/new-env6/.spack-env/view/bin/mpicc -c -g -O2  conftest.c >&5
conftest.c:50:10: fatal error: filesystem: No such file or directory
   50 | #include <filesystem>
      |          ^~~~~~~~~~~~
compilation terminated.
configure:14241: $? = 1
configure: failed program was:
| /* confdefs.h */
| #define PACKAGE_NAME "e3sm_io"
| #define PACKAGE_TARNAME "e3sm_io"
| #define PACKAGE_VERSION "1.3.0"
| #define PACKAGE_STRING "e3sm_io 1.3.0"
| #define PACKAGE_BUGREPORT ""
| #define PACKAGE_URL ""
| #define PACKAGE "e3sm_io"
| #define VERSION "1.3.0"
| #define HAVE_CXX17 1
| #define HAVE_CXX11 1
| #define HAVE_STDIO_H 1
| #define HAVE_STDLIB_H 1
| #define HAVE_STRING_H 1
| #define HAVE_INTTYPES_H 1
| #define HAVE_STDINT_H 1
| #define HAVE_STRINGS_H 1
| #define HAVE_SYS_STAT_H 1
| #define HAVE_SYS_TYPES_H 1
| #define HAVE_UNISTD_H 1
| /* end confdefs.h.  */
| #include <stddef.h>
| #ifdef HAVE_STDIO_H
| # include <stdio.h>
| #endif
| #ifdef HAVE_STDLIB_H
| # include <stdlib.h>
| #endif
| #ifdef HAVE_STRING_H
| # include <string.h>
| #endif
| #ifdef HAVE_INTTYPES_H
| # include <inttypes.h>
| #endif
| #ifdef HAVE_STDINT_H
| # include <stdint.h>
| #endif
| #ifdef HAVE_STRINGS_H
| # include <strings.h>
| #endif
| #ifdef HAVE_SYS_TYPES_H
| # include <sys/types.h>
| #endif
| #ifdef HAVE_SYS_STAT_H
| # include <sys/stat.h>
| #endif
| #ifdef HAVE_UNISTD_H
| # include <unistd.h>
| #endif
| #include <filesystem>
configure:14241: result: no
configure:14266: checking for dlfcn.h
configure:14266: /mnt/common/asasidharan/spack/var/spack/environments/new-env6/.spack-env/view/bin/mpicc -c -g -O2  conftest.c >&5
configure:14266: $? = 0
configure:14266: result: yes
configure:14535: checking for objdir
configure:14551: result: .libs
configure:14815: checking if /mnt/common/asasidharan/spack/var/spack/environments/new-env6/.spack-env/view/bin/mpicc supports -fno-rtti -fno-exceptions
configure:14834: /mnt/common/asasidharan/spack/var/spack/environments/new-env6/.spack-env/view/bin/mpicc -c -g -O2  -fno-rtti -fno-exceptions conftest.c >&5
cc1: warning: command-line option '-fno-rtti' is valid for C++/D/ObjC++ but not for C
configure:14838: $? = 0
configure:14851: result: no
configure:15215: checking for /mnt/common/asasidharan/spack/var/spack/environments/new-env6/.spack-env/view/bin/mpicc option to produce PIC
configure:15223: result: -fPIC -DPIC
configure:15231: checking if /mnt/common/asasidharan/spack/var/spack/environments/new-env6/.spack-env/view/bin/mpicc PIC flag -fPIC -DPIC works
configure:15250: /mnt/common/asasidharan/spack/var/spack/environments/new-env6/.spack-env/view/bin/mpicc -c -g -O2  -fPIC -DPIC -DPIC conftest.c >&5
configure:15254: $? = 0
configure:15267: result: yes
configure:15296: checking if /mnt/common/asasidharan/spack/var/spack/environments/new-env6/.spack-env/view/bin/mpicc static flag -static works
configure:15325: result: yes
configure:15340: checking if /mnt/common/asasidharan/spack/var/spack/environments/new-env6/.spack-env/view/bin/mpicc supports -c -o file.o
configure:15362: /mnt/common/asasidharan/spack/var/spack/environments/new-env6/.spack-env/view/bin/mpicc -c -g -O2  -o out/conftest2.o conftest.c >&5
configure:15366: $? = 0
configure:15388: result: yes
configure:15396: checking if /mnt/common/asasidharan/spack/var/spack/environments/new-env6/.spack-env/view/bin/mpicc supports -c -o file.o
configure:15444: result: yes
configure:15477: checking whether the /mnt/common/asasidharan/spack/var/spack/environments/new-env6/.spack-env/view/bin/mpicc linker (/usr/bin/ld -m elf_x86_64) supports shared libraries
configure:16747: result: yes
configure:16784: checking whether -lc should be explicitly linked in
configure:16793: /mnt/common/asasidharan/spack/var/spack/environments/new-env6/.spack-env/view/bin/mpicc -c -g -O2  conftest.c >&5
configure:16796: $? = 0
configure:16811: /mnt/common/asasidharan/spack/var/spack/environments/new-env6/.spack-env/view/bin/mpicc -shared  -fPIC -DPIC conftest.o  -v -Wl,-soname -Wl,conftest -o conftest 2\>\&1 \| /usr/bin/grep  -lc  \>/dev/null 2\>\&1
configure:16814: $? = 0
configure:16828: result: no
configure:16988: checking dynamic linker characteristics
configure:17570: /mnt/common/asasidharan/spack/var/spack/environments/new-env6/.spack-env/view/bin/mpicc -o conftest -g -O2   -Wl,-rpath -Wl,/foo conftest.c  >&5
configure:17570: $? = 0
configure:17821: result: GNU/Linux ld.so
configure:17943: checking how to hardcode library paths into programs
configure:17968: result: immediate
configure:18520: checking whether stripping libraries is possible
configure:18525: result: yes
configure:18560: checking if libtool supports shared libraries
configure:18562: result: yes
configure:18565: checking whether to build shared libraries
configure:18590: result: yes
configure:18593: checking whether to build static libraries
configure:18597: result: yes
configure:18620: checking how to run the C++ preprocessor
configure:18642: /mnt/common/asasidharan/spack/var/spack/environments/new-env6/.spack-env/view/bin/mpic++ -E  conftest.cpp
configure:18642: $? = 0
configure:18657: /mnt/common/asasidharan/spack/var/spack/environments/new-env6/.spack-env/view/bin/mpic++ -E  conftest.cpp
conftest.cpp:25:10: fatal error: ac_nonexistent.h: No such file or directory
   25 | #include <ac_nonexistent.h>
      |          ^~~~~~~~~~~~~~~~~~
compilation terminated.
configure:18657: $? = 1
configure: failed program was:
| /* confdefs.h */
| #define PACKAGE_NAME "e3sm_io"
| #define PACKAGE_TARNAME "e3sm_io"
| #define PACKAGE_VERSION "1.3.0"
| #define PACKAGE_STRING "e3sm_io 1.3.0"
| #define PACKAGE_BUGREPORT ""
| #define PACKAGE_URL ""
| #define PACKAGE "e3sm_io"
| #define VERSION "1.3.0"
| #define HAVE_CXX17 1
| #define HAVE_CXX11 1
| #define HAVE_STDIO_H 1
| #define HAVE_STDLIB_H 1
| #define HAVE_STRING_H 1
| #define HAVE_INTTYPES_H 1
| #define HAVE_STDINT_H 1
| #define HAVE_STRINGS_H 1
| #define HAVE_SYS_STAT_H 1
| #define HAVE_SYS_TYPES_H 1
| #define HAVE_UNISTD_H 1
| #define STDC_HEADERS 1
| #define HAVE_DLFCN_H 1
| #define LT_OBJDIR ".libs/"
| /* end confdefs.h.  */
| #include <ac_nonexistent.h>
configure:18684: result: /mnt/common/asasidharan/spack/var/spack/environments/new-env6/.spack-env/view/bin/mpic++ -E
configure:18698: /mnt/common/asasidharan/spack/var/spack/environments/new-env6/.spack-env/view/bin/mpic++ -E  conftest.cpp
configure:18698: $? = 0
configure:18713: /mnt/common/asasidharan/spack/var/spack/environments/new-env6/.spack-env/view/bin/mpic++ -E  conftest.cpp
conftest.cpp:25:10: fatal error: ac_nonexistent.h: No such file or directory
   25 | #include <ac_nonexistent.h>
      |          ^~~~~~~~~~~~~~~~~~
compilation terminated.
configure:18713: $? = 1
configure: failed program was:
| /* confdefs.h */
| #define PACKAGE_NAME "e3sm_io"
| #define PACKAGE_TARNAME "e3sm_io"
| #define PACKAGE_VERSION "1.3.0"
| #define PACKAGE_STRING "e3sm_io 1.3.0"
| #define PACKAGE_BUGREPORT ""
| #define PACKAGE_URL ""
| #define PACKAGE "e3sm_io"
| #define VERSION "1.3.0"
| #define HAVE_CXX17 1
| #define HAVE_CXX11 1
| #define HAVE_STDIO_H 1
| #define HAVE_STDLIB_H 1
| #define HAVE_STRING_H 1
| #define HAVE_INTTYPES_H 1
| #define HAVE_STDINT_H 1
| #define HAVE_STRINGS_H 1
| #define HAVE_SYS_STAT_H 1
| #define HAVE_SYS_TYPES_H 1
| #define HAVE_UNISTD_H 1
| #define STDC_HEADERS 1
| #define HAVE_DLFCN_H 1
| #define LT_OBJDIR ".libs/"
| /* end confdefs.h.  */
| #include <ac_nonexistent.h>
configure:18878: checking for ld used by /mnt/common/asasidharan/spack/var/spack/environments/new-env6/.spack-env/view/bin/mpic++
configure:18946: result: /usr/bin/ld -m elf_x86_64
configure:18953: checking if the linker (/usr/bin/ld -m elf_x86_64) is GNU ld
configure:18969: result: yes
configure:19024: checking whether the /mnt/common/asasidharan/spack/var/spack/environments/new-env6/.spack-env/view/bin/mpic++ linker (/usr/bin/ld -m elf_x86_64) supports shared libraries
configure:20101: result: yes
configure:20137: /mnt/common/asasidharan/spack/var/spack/environments/new-env6/.spack-env/view/bin/mpic++ -c -g -O2  conftest.cpp >&5
configure:20140: $? = 0
configure:20621: checking for /mnt/common/asasidharan/spack/var/spack/environments/new-env6/.spack-env/view/bin/mpic++ option to produce PIC
configure:20629: result: -fPIC -DPIC
configure:20637: checking if /mnt/common/asasidharan/spack/var/spack/environments/new-env6/.spack-env/view/bin/mpic++ PIC flag -fPIC -DPIC works
configure:20656: /mnt/common/asasidharan/spack/var/spack/environments/new-env6/.spack-env/view/bin/mpic++ -c -g -O2  -fPIC -DPIC -DPIC conftest.cpp >&5
configure:20660: $? = 0
configure:20673: result: yes
configure:20696: checking if /mnt/common/asasidharan/spack/var/spack/environments/new-env6/.spack-env/view/bin/mpic++ static flag -static works
configure:20725: result: yes
configure:20737: checking if /mnt/common/asasidharan/spack/var/spack/environments/new-env6/.spack-env/view/bin/mpic++ supports -c -o file.o
configure:20759: /mnt/common/asasidharan/spack/var/spack/environments/new-env6/.spack-env/view/bin/mpic++ -c -g -O2  -o out/conftest2.o conftest.cpp >&5
configure:20763: $? = 0
configure:20785: result: yes
configure:20790: checking if /mnt/common/asasidharan/spack/var/spack/environments/new-env6/.spack-env/view/bin/mpic++ supports -c -o file.o
configure:20838: result: yes
configure:20868: checking whether the /mnt/common/asasidharan/spack/var/spack/environments/new-env6/.spack-env/view/bin/mpic++ linker (/usr/bin/ld -m elf_x86_64) supports shared libraries
configure:20911: result: yes
configure:21053: checking dynamic linker characteristics
configure:21813: result: GNU/Linux ld.so
configure:21878: checking how to hardcode library paths into programs
configure:21903: result: immediate
configure:21965: checking whether stat file-mode macros are broken
configure:21993: /mnt/common/asasidharan/spack/var/spack/environments/new-env6/.spack-env/view/bin/mpicc -c -g -O2  conftest.c >&5
configure:21993: $? = 0
configure:22001: result: no
configure:22012: checking for egrep
configure:22080: result: /usr/bin/grep -E
configure:22086: checking for fts.h
configure:22086: /mnt/common/asasidharan/spack/var/spack/environments/new-env6/.spack-env/view/bin/mpicc -c -g -O2  conftest.c >&5
configure:22086: $? = 0
configure:22086: result: yes
configure:22110: checking for /mnt/common/asasidharan/spack/var/spack/environments/new-env6/.spack-env/view/bin/mpicc options needed to detect all undeclared functions
configure:22132: /mnt/common/asasidharan/spack/var/spack/environments/new-env6/.spack-env/view/bin/mpicc -c -g -O2   conftest.c >&5
conftest.c: In function 'main':
conftest.c:30:8: error: 'strchr' undeclared (first use in this function)
   30 | (void) strchr;
      |        ^~~~~~
conftest.c:1:1: note: 'strchr' is defined in header '<string.h>'; did you forget to '#include <string.h>'?
    1 | /* confdefs.h */
conftest.c:30:8: note: each undeclared identifier is reported only once for each function it appears in
   30 | (void) strchr;
      |        ^~~~~~
configure:22132: $? = 1
configure: failed program was:
| /* confdefs.h */
| #define PACKAGE_NAME "e3sm_io"
| #define PACKAGE_TARNAME "e3sm_io"
| #define PACKAGE_VERSION "1.3.0"
| #define PACKAGE_STRING "e3sm_io 1.3.0"
| #define PACKAGE_BUGREPORT ""
| #define PACKAGE_URL ""
| #define PACKAGE "e3sm_io"
| #define VERSION "1.3.0"
| #define HAVE_CXX17 1
| #define HAVE_CXX11 1
| #define HAVE_STDIO_H 1
| #define HAVE_STDLIB_H 1
| #define HAVE_STRING_H 1
| #define HAVE_INTTYPES_H 1
| #define HAVE_STDINT_H 1
| #define HAVE_STRINGS_H 1
| #define HAVE_SYS_STAT_H 1
| #define HAVE_SYS_TYPES_H 1
| #define HAVE_UNISTD_H 1
| #define STDC_HEADERS 1
| #define HAVE_DLFCN_H 1
| #define LT_OBJDIR ".libs/"
| #define HAVE_FTS_H 1
| /* end confdefs.h.  */
| 
| int
| main (void)
| {
| (void) strchr;
|   ;
|   return 0;
| }
configure:22159: /mnt/common/asasidharan/spack/var/spack/environments/new-env6/.spack-env/view/bin/mpicc -c -g -O2   conftest.c >&5
configure:22159: $? = 0
configure:22176: result: none needed
configure:22190: checking whether access is declared
configure:22190: /mnt/common/asasidharan/spack/var/spack/environments/new-env6/.spack-env/view/bin/mpicc -c -g -O2   conftest.c >&5
configure:22190: $? = 0
configure:22190: result: yes
configure:22197: checking for access
configure:22197: /mnt/common/asasidharan/spack/var/spack/environments/new-env6/.spack-env/view/bin/mpicc -o conftest -g -O2   conftest.c  >&5
configure:22197: $? = 0
configure:22197: result: yes
configure:22205: checking whether unlink is declared
configure:22205: /mnt/common/asasidharan/spack/var/spack/environments/new-env6/.spack-env/view/bin/mpicc -c -g -O2   conftest.c >&5
configure:22205: $? = 0
configure:22205: result: yes
configure:22212: checking for unlink
configure:22212: /mnt/common/asasidharan/spack/var/spack/environments/new-env6/.spack-env/view/bin/mpicc -o conftest -g -O2   conftest.c  >&5
configure:22212: $? = 0
configure:22212: result: yes
configure:22314: checking for m4
configure:22335: found /usr/bin/m4
configure:22346: result: m4
configure:22408: checking m4 additional flags
configure:22420: result: none needed
configure:22569: checking for hdf5.h
configure:22569: /mnt/common/asasidharan/spack/var/spack/environments/new-env6/.spack-env/view/bin/mpicc -c -g -O2 -I/home/asasidharan/spack/opt/spack/linux-ubuntu22.04-skylake_avx512/gcc-11.3.0/hdf5-1.14.0-mib6axlcq2pzpuwivd2ijdbqmdmth43k/include conftest.c >&5
configure:22569: $? = 0
configure:22569: result: yes
configure:22585: checking HDF5 library version
configure:22587: /mnt/common/asasidharan/spack/var/spack/environments/new-env6/.spack-env/view/bin/mpicc -o conftest -g -O2 -I/home/asasidharan/spack/opt/spack/linux-ubuntu22.04-skylake_avx512/gcc-11.3.0/hdf5-1.14.0-mib6axlcq2pzpuwivd2ijdbqmdmth43k/include -L/home/asasidharan/spack/opt/spack/linux-ubuntu22.04-skylake_avx512/gcc-11.3.0/hdf5-1.14.0-mib6axlcq2pzpuwivd2ijdbqmdmth43k/lib conftest.c  >&5
configure:22587: $? = 0
configure:22587: ./conftest
configure:22587: $? = 0
configure:22592: /mnt/common/asasidharan/spack/var/spack/environments/new-env6/.spack-env/view/bin/mpicc -o conftest -g -O2 -I/home/asasidharan/spack/opt/spack/linux-ubuntu22.04-skylake_avx512/gcc-11.3.0/hdf5-1.14.0-mib6axlcq2pzpuwivd2ijdbqmdmth43k/include -L/home/asasidharan/spack/opt/spack/linux-ubuntu22.04-skylake_avx512/gcc-11.3.0/hdf5-1.14.0-mib6axlcq2pzpuwivd2ijdbqmdmth43k/lib conftest.c  >&5
configure:22592: $? = 0
configure:22592: ./conftest
configure:22592: $? = 0
configure:22597: /mnt/common/asasidharan/spack/var/spack/environments/new-env6/.spack-env/view/bin/mpicc -o conftest -g -O2 -I/home/asasidharan/spack/opt/spack/linux-ubuntu22.04-skylake_avx512/gcc-11.3.0/hdf5-1.14.0-mib6axlcq2pzpuwivd2ijdbqmdmth43k/include -L/home/asasidharan/spack/opt/spack/linux-ubuntu22.04-skylake_avx512/gcc-11.3.0/hdf5-1.14.0-mib6axlcq2pzpuwivd2ijdbqmdmth43k/lib conftest.c  >&5
configure:22597: $? = 0
configure:22597: ./conftest
configure:22597: $? = 0
configure:22603: result: 1.14.0
configure:22605: checking whether HDF5 is configured with parallel I/O enabled
configure:22607: /mnt/common/asasidharan/spack/var/spack/environments/new-env6/.spack-env/view/bin/mpicc -o conftest -g -O2 -I/home/asasidharan/spack/opt/spack/linux-ubuntu22.04-skylake_avx512/gcc-11.3.0/hdf5-1.14.0-mib6axlcq2pzpuwivd2ijdbqmdmth43k/include -L/home/asasidharan/spack/opt/spack/linux-ubuntu22.04-skylake_avx512/gcc-11.3.0/hdf5-1.14.0-mib6axlcq2pzpuwivd2ijdbqmdmth43k/lib conftest.c  >&5
configure:22607: $? = 0
configure:22607: ./conftest
configure:22607: $? = 0
configure:22619: result: yes
configure:22632: checking whether H5S_BLOCK is declared
configure:22632: /mnt/common/asasidharan/spack/var/spack/environments/new-env6/.spack-env/view/bin/mpicc -c -g -O2  -I/home/asasidharan/spack/opt/spack/linux-ubuntu22.04-skylake_avx512/gcc-11.3.0/hdf5-1.14.0-mib6axlcq2pzpuwivd2ijdbqmdmth43k/include conftest.c >&5
configure:22632: $? = 0
configure:22632: result: yes
configure:23738: checking extra libraries used by HDF5
configure:23750: result:  m;dl;/mnt/common/asasidharan/spack/opt/spack/linux-ubuntu22.04-skylake_avx512/gcc-11.3.0/mpich-4.1.1-34ybzcrutwhl5ct6d5asi6fcld74erwu/lib/libmpi.so
configure:23769: checking for library containing H5Dwrite_multi
configure:23799: /mnt/common/asasidharan/spack/var/spack/environments/new-env6/.spack-env/view/bin/mpicc -o conftest -g -O2 -I/home/asasidharan/spack/opt/spack/linux-ubuntu22.04-skylake_avx512/gcc-11.3.0/hdf5-1.14.0-mib6axlcq2pzpuwivd2ijdbqmdmth43k/include     -L/home/asasidharan/spack/opt/spack/linux-ubuntu22.04-skylake_avx512/gcc-11.3.0/hdf5-1.14.0-mib6axlcq2pzpuwivd2ijdbqmdmth43k/lib conftest.c -lhdf5 -lm -lz -lmpi >&5
configure:23799: $? = 0
configure:23819: result: none required
configure:23847: checking for library containing H5Pset_selection_io
configure:23877: /mnt/common/asasidharan/spack/var/spack/environments/new-env6/.spack-env/view/bin/mpicc -o conftest -g -O2 -I/home/asasidharan/spack/opt/spack/linux-ubuntu22.04-skylake_avx512/gcc-11.3.0/hdf5-1.14.0-mib6axlcq2pzpuwivd2ijdbqmdmth43k/include     -L/home/asasidharan/spack/opt/spack/linux-ubuntu22.04-skylake_avx512/gcc-11.3.0/hdf5-1.14.0-mib6axlcq2pzpuwivd2ijdbqmdmth43k/lib conftest.c -lhdf5 -lm -lz -lmpi >&5
/usr/bin/ld: /tmp/ccO74prB.o: in function `main':
/home/asasidharan/H5BENCH/h5bench/e3sm/conftest.c:40: undefined reference to `H5Pset_selection_io'
collect2: error: ld returned 1 exit status
configure:23877: $? = 1
configure: failed program was:
| /* confdefs.h */
| #define PACKAGE_NAME "e3sm_io"
| #define PACKAGE_TARNAME "e3sm_io"
| #define PACKAGE_VERSION "1.3.0"
| #define PACKAGE_STRING "e3sm_io 1.3.0"
| #define PACKAGE_BUGREPORT ""
| #define PACKAGE_URL ""
| #define PACKAGE "e3sm_io"
| #define VERSION "1.3.0"
| #define HAVE_CXX17 1
| #define HAVE_CXX11 1
| #define HAVE_STDIO_H 1
| #define HAVE_STDLIB_H 1
| #define HAVE_STRING_H 1
| #define HAVE_INTTYPES_H 1
| #define HAVE_STDINT_H 1
| #define HAVE_STRINGS_H 1
| #define HAVE_SYS_STAT_H 1
| #define HAVE_SYS_TYPES_H 1
| #define HAVE_UNISTD_H 1
| #define STDC_HEADERS 1
| #define HAVE_DLFCN_H 1
| #define LT_OBJDIR ".libs/"
| #define HAVE_FTS_H 1
| #define HAVE_ACCESS 1
| #define HAVE_UNLINK 1
| #define HAVE_DECL_H5S_BLOCK 1
| #define HDF5_HAVE_H5SBLOCK 1
| #define ENABLE_HDF5 1
| #define HDF5_HAVE_MULTI_DATASET_API 1
| /* end confdefs.h.  */
| 
| /* Override any GCC internal prototype to avoid an error.
|    Use char because int might match the return type of a GCC
|    builtin and then its argument prototype would still apply.  */
| char H5Pset_selection_io ();
| int
| main (void)
| {
| return H5Pset_selection_io ();
|   ;
|   return 0;
| }
configure:23877: /mnt/common/asasidharan/spack/var/spack/environments/new-env6/.spack-env/view/bin/mpicc -o conftest -g -O2 -I/home/asasidharan/spack/opt/spack/linux-ubuntu22.04-skylake_avx512/gcc-11.3.0/hdf5-1.14.0-mib6axlcq2pzpuwivd2ijdbqmdmth43k/include     -L/home/asasidharan/spack/opt/spack/linux-ubuntu22.04-skylake_avx512/gcc-11.3.0/hdf5-1.14.0-mib6axlcq2pzpuwivd2ijdbqmdmth43k/lib conftest.c -lhdf5  -lhdf5 -lm -lz -lmpi >&5
/usr/bin/ld: /tmp/ccmKra8I.o: in function `main':
/home/asasidharan/H5BENCH/h5bench/e3sm/conftest.c:40: undefined reference to `H5Pset_selection_io'
collect2: error: ld returned 1 exit status
configure:23877: $? = 1
configure: failed program was:
| /* confdefs.h */
| #define PACKAGE_NAME "e3sm_io"
| #define PACKAGE_TARNAME "e3sm_io"
| #define PACKAGE_VERSION "1.3.0"
| #define PACKAGE_STRING "e3sm_io 1.3.0"
| #define PACKAGE_BUGREPORT ""
| #define PACKAGE_URL ""
| #define PACKAGE "e3sm_io"
| #define VERSION "1.3.0"
| #define HAVE_CXX17 1
| #define HAVE_CXX11 1
| #define HAVE_STDIO_H 1
| #define HAVE_STDLIB_H 1
| #define HAVE_STRING_H 1
| #define HAVE_INTTYPES_H 1
| #define HAVE_STDINT_H 1
| #define HAVE_STRINGS_H 1
| #define HAVE_SYS_STAT_H 1
| #define HAVE_SYS_TYPES_H 1
| #define HAVE_UNISTD_H 1
| #define STDC_HEADERS 1
| #define HAVE_DLFCN_H 1
| #define LT_OBJDIR ".libs/"
| #define HAVE_FTS_H 1
| #define HAVE_ACCESS 1
| #define HAVE_UNLINK 1
| #define HAVE_DECL_H5S_BLOCK 1
| #define HDF5_HAVE_H5SBLOCK 1
| #define ENABLE_HDF5 1
| #define HDF5_HAVE_MULTI_DATASET_API 1
| /* end confdefs.h.  */
| 
| /* Override any GCC internal prototype to avoid an error.
|    Use char because int might match the return type of a GCC
|    builtin and then its argument prototype would still apply.  */
| char H5Pset_selection_io ();
| int
| main (void)
| {
| return H5Pset_selection_io ();
|   ;
|   return 0;
| }
configure:23897: result: no
configure:24124: checking that generated files are newer than configure
configure:24130: result: done
configure:24209: creating ./config.status

## ---------------------- ##
## Running config.status. ##
## ---------------------- ##

This file was extended by e3sm_io config.status 1.3.0, which was
generated by GNU Autoconf 2.71.  Invocation command line was

  CONFIG_FILES    = 
  CONFIG_HEADERS  = 
  CONFIG_LINKS    = 
  CONFIG_COMMANDS = 
  $ ./config.status 

on ares-comp-18

config.status:1215: creating Makefile
config.status:1215: creating src/Makefile
config.status:1215: creating src/drivers/Makefile
config.status:1215: creating src/cases/Makefile
config.status:1215: creating utils/Makefile
config.status:1215: creating datasets/Makefile
config.status:1215: creating config.h
config.status:1396: config.h is unchanged
config.status:1444: executing depfiles commands
config.status:1521: cd src       && sed -e '/# am--include-marker/d' Makefile         | make -f - am--depfiles
make[3]: Entering directory '/mnt/common/asasidharan/H5BENCH/h5bench/e3sm/src'
make[3]: Nothing to be done for 'am--depfiles'.
make[3]: Leaving directory '/mnt/common/asasidharan/H5BENCH/h5bench/e3sm/src'
config.status:1526: $? = 0
config.status:1521: cd src/drivers       && sed -e '/# am--include-marker/d' Makefile         | make -f - am--depfiles
make[3]: Entering directory '/mnt/common/asasidharan/H5BENCH/h5bench/e3sm/src/drivers'
make[3]: Nothing to be done for 'am--depfiles'.
make[3]: Leaving directory '/mnt/common/asasidharan/H5BENCH/h5bench/e3sm/src/drivers'
config.status:1526: $? = 0
config.status:1521: cd src/cases       && sed -e '/# am--include-marker/d' Makefile         | make -f - am--depfiles
make[3]: Entering directory '/mnt/common/asasidharan/H5BENCH/h5bench/e3sm/src/cases'
make[3]: Nothing to be done for 'am--depfiles'.
make[3]: Leaving directory '/mnt/common/asasidharan/H5BENCH/h5bench/e3sm/src/cases'
config.status:1526: $? = 0
config.status:1521: cd utils       && sed -e '/# am--include-marker/d' Makefile         | make -f - am--depfiles
make[3]: Entering directory '/mnt/common/asasidharan/H5BENCH/h5bench/e3sm/utils'
make[3]: Nothing to be done for 'am--depfiles'.
make[3]: Leaving directory '/mnt/common/asasidharan/H5BENCH/h5bench/e3sm/utils'
config.status:1526: $? = 0
config.status:1444: executing libtool commands

## ---------------- ##
## Cache variables. ##
## ---------------- ##

ac_cv_SED_I='/usr/bin/sed -i'\'''\'''
ac_cv_build=x86_64-pc-linux-gnu
ac_cv_c_compiler_gnu=yes
ac_cv_c_undeclared_builtin_options='none needed'
ac_cv_cxx_compiler_gnu=yes
ac_cv_env_CCC_set=
ac_cv_env_CCC_value=
ac_cv_env_CC_set=
ac_cv_env_CC_value=
ac_cv_env_CFLAGS_set=
ac_cv_env_CFLAGS_value=
ac_cv_env_CPPFLAGS_set=
ac_cv_env_CPPFLAGS_value=
ac_cv_env_CPP_set=
ac_cv_env_CPP_value=
ac_cv_env_CXXCPP_set=
ac_cv_env_CXXCPP_value=
ac_cv_env_CXXFLAGS_set=
ac_cv_env_CXXFLAGS_value=
ac_cv_env_CXX_set=
ac_cv_env_CXX_value=
ac_cv_env_LDFLAGS_set=
ac_cv_env_LDFLAGS_value=
ac_cv_env_LIBS_set=
ac_cv_env_LIBS_value=
ac_cv_env_LT_SYS_LIBRARY_PATH_set=
ac_cv_env_LT_SYS_LIBRARY_PATH_value=
ac_cv_env_MPICC_set=set
ac_cv_env_MPICC_value=/mnt/common/asasidharan/spack/var/spack/environments/new-env6/.spack-env/view/bin/mpicc
ac_cv_env_MPICXX_set=set
ac_cv_env_MPICXX_value=/mnt/common/asasidharan/spack/var/spack/environments/new-env6/.spack-env/view/bin/mpic++
ac_cv_env_TESTMPIRUN_set=
ac_cv_env_TESTMPIRUN_value=
ac_cv_env_TESTOUTDIR_set=
ac_cv_env_TESTOUTDIR_value=
ac_cv_env_build_alias_set=
ac_cv_env_build_alias_value=
ac_cv_env_host_alias_set=
ac_cv_env_host_alias_value=
ac_cv_env_target_alias_set=
ac_cv_env_target_alias_value=
ac_cv_func_MPI_Comm_rank=yes
ac_cv_func_MPI_File_open=yes
ac_cv_func_access=yes
ac_cv_func_unlink=yes
ac_cv_have_decl_H5S_BLOCK=yes
ac_cv_have_decl_access=yes
ac_cv_have_decl_unlink=yes
ac_cv_header_dlfcn_h=yes
ac_cv_header_filesystem=no
ac_cv_header_fts_h=yes
ac_cv_header_hdf5_h=yes
ac_cv_header_inttypes_h=yes
ac_cv_header_stat_broken=no
ac_cv_header_stdint_h=yes
ac_cv_header_stdio_h=yes
ac_cv_header_stdlib_h=yes
ac_cv_header_string_h=yes
ac_cv_header_strings_h=yes
ac_cv_header_sys_stat_h=yes
ac_cv_header_sys_types_h=yes
ac_cv_header_unistd_h=yes
ac_cv_host=x86_64-pc-linux-gnu
ac_cv_m4_stdout=
ac_cv_objext=o
ac_cv_path_EGREP='/usr/bin/grep -E'
ac_cv_path_FGREP='/usr/bin/grep -F'
ac_cv_path_GREP=/usr/bin/grep
ac_cv_path_SED=/usr/bin/sed
ac_cv_path_install='/usr/bin/install -c'
ac_cv_path_lt_DD=/usr/bin/dd
ac_cv_path_mkdir=/usr/bin/mkdir
ac_cv_prog_AWK=gawk
ac_cv_prog_CPP='/mnt/common/asasidharan/spack/var/spack/environments/new-env6/.spack-env/view/bin/mpicc -E'
ac_cv_prog_CXXCPP='/mnt/common/asasidharan/spack/var/spack/environments/new-env6/.spack-env/view/bin/mpic++ -E'
ac_cv_prog_M4=m4
ac_cv_prog_ac_ct_AR=ar
ac_cv_prog_ac_ct_CC=/mnt/common/asasidharan/spack/var/spack/environments/new-env6/.spack-env/view/bin/mpicc
ac_cv_prog_ac_ct_MANIFEST_TOOL=mt
ac_cv_prog_ac_ct_OBJDUMP=objdump
ac_cv_prog_ac_ct_RANLIB=ranlib
ac_cv_prog_ac_ct_STRIP=strip
ac_cv_prog_cc_c11=
ac_cv_prog_cc_g=yes
ac_cv_prog_cc_stdc=
ac_cv_prog_cxx_11=no
ac_cv_prog_cxx_cxx11=
ac_cv_prog_cxx_g=yes
ac_cv_prog_cxx_stdcxx=
ac_cv_prog_make_make_set=yes
ac_cv_search_H5Dwrite_multi='none required'
ac_cv_search_H5Pset_selection_io=no
am_cv_CC_dependencies_compiler_type=gcc3
am_cv_CXX_dependencies_compiler_type=gcc3
am_cv_make_support_nested_variables=yes
am_cv_prog_cc_c_o=yes
ax_cv_cxx_compile_cxx11=yes
ax_cv_cxx_compile_cxx17=yes
lt_cv_ar_at_file=@
lt_cv_archive_cmds_need_lc=no
lt_cv_deplibs_check_method=pass_all
lt_cv_file_magic_cmd='$MAGIC_CMD'
lt_cv_file_magic_test_file=
lt_cv_ld_reload_flag=-r
lt_cv_nm_interface='BSD nm'
lt_cv_objdir=.libs
lt_cv_path_LD=/usr/bin/ld
lt_cv_path_LDCXX='/usr/bin/ld -m elf_x86_64'
lt_cv_path_NM='/usr/bin/nm -B'
lt_cv_path_mainfest_tool=no
lt_cv_prog_compiler_c_o=yes
lt_cv_prog_compiler_c_o_CXX=yes
lt_cv_prog_compiler_pic='-fPIC -DPIC'
lt_cv_prog_compiler_pic_CXX='-fPIC -DPIC'
lt_cv_prog_compiler_pic_works=yes
lt_cv_prog_compiler_pic_works_CXX=yes
lt_cv_prog_compiler_rtti_exceptions=no
lt_cv_prog_compiler_static_works=yes
lt_cv_prog_compiler_static_works_CXX=yes
lt_cv_prog_gnu_ld=yes
lt_cv_prog_gnu_ldcxx=yes
lt_cv_sharedlib_from_linklib_cmd='printf %s\n'
lt_cv_shlibpath_overrides_runpath=yes
lt_cv_sys_global_symbol_pipe='sed -n -e '\''s/^.*[	 ]\([ABCDGIRSTW][ABCDGIRSTW]*\)[	 ][	 ]*\([_A-Za-z][_A-Za-z0-9]*\)$/\1 \2 \2/p'\'' | sed '\''/ __gnu_lto/d'\'''
lt_cv_sys_global_symbol_to_c_name_address='sed -n -e '\''s/^: \(.*\) .*$/  {"\1", (void *) 0},/p'\'' -e '\''s/^[ABCDGIRSTW][ABCDGIRSTW]* .* \(.*\)$/  {"\1", (void *) \&\1},/p'\'''
lt_cv_sys_global_symbol_to_c_name_address_lib_prefix='sed -n -e '\''s/^: \(.*\) .*$/  {"\1", (void *) 0},/p'\'' -e '\''s/^[ABCDGIRSTW][ABCDGIRSTW]* .* \(lib.*\)$/  {"\1", (void *) \&\1},/p'\'' -e '\''s/^[ABCDGIRSTW][ABCDGIRSTW]* .* \(.*\)$/  {"lib\1", (void *) \&\1},/p'\'''
lt_cv_sys_global_symbol_to_cdecl='sed -n -e '\''s/^T .* \(.*\)$/extern int \1();/p'\'' -e '\''s/^[ABCDGIRSTW][ABCDGIRSTW]* .* \(.*\)$/extern char \1;/p'\'''
lt_cv_sys_global_symbol_to_import=
lt_cv_sys_max_cmd_len=1572864
lt_cv_to_host_file_cmd=func_convert_file_noop
lt_cv_to_tool_file_cmd=func_convert_file_noop
lt_cv_truncate_bin='/usr/bin/dd bs=4096 count=1'

## ----------------- ##
## Output variables. ##
## ----------------- ##

ACLOCAL='${SHELL} '\''/home/asasidharan/H5BENCH/h5bench/e3sm/scripts/missing'\'' aclocal-1.16'
ADIOS2_LIB_PATH=''
AMDEPBACKSLASH='\'
AMDEP_FALSE='#'
AMDEP_TRUE=''
AMTAR='$${TAR-tar}'
AM_BACKSLASH='\'
AM_DEFAULT_V='$(AM_DEFAULT_VERBOSITY)'
AM_DEFAULT_VERBOSITY='0'
AM_V='$(V)'
AR='ar'
AUTOCONF='${SHELL} '\''/home/asasidharan/H5BENCH/h5bench/e3sm/scripts/missing'\'' autoconf'
AUTOHEADER='${SHELL} '\''/home/asasidharan/H5BENCH/h5bench/e3sm/scripts/missing'\'' autoheader'
AUTOMAKE='${SHELL} '\''/home/asasidharan/H5BENCH/h5bench/e3sm/scripts/missing'\'' automake-1.16'
AWK='gawk'
BUILD_UTILS_FALSE='#'
BUILD_UTILS_TRUE=''
CC='/mnt/common/asasidharan/spack/var/spack/environments/new-env6/.spack-env/view/bin/mpicc'
CCDEPMODE='depmode=gcc3'
CFLAGS='-g -O2'
CPP='/mnt/common/asasidharan/spack/var/spack/environments/new-env6/.spack-env/view/bin/mpicc -E'
CPPFLAGS='-I/home/asasidharan/spack/opt/spack/linux-ubuntu22.04-skylake_avx512/gcc-11.3.0/hdf5-1.14.0-mib6axlcq2pzpuwivd2ijdbqmdmth43k/include'
CSCOPE='cscope'
CTAGS='ctags'
CXX='/mnt/common/asasidharan/spack/var/spack/environments/new-env6/.spack-env/view/bin/mpic++'
CXXCPP='/mnt/common/asasidharan/spack/var/spack/environments/new-env6/.spack-env/view/bin/mpic++ -E'
CXXDEPMODE='depmode=gcc3'
CXXFLAGS='-g -O2 -std=c++17'
CYGPATH_W='echo'
DEFS='-DHAVE_CONFIG_H'
DEPDIR='.deps'
DLLTOOL='false'
DSYMUTIL=''
DUMPBIN=''
E3SM_IO_DEBUG_FALSE=''
E3SM_IO_DEBUG_TRUE='#'
E3SM_IO_PROFILING_FALSE=''
E3SM_IO_PROFILING_TRUE='#'
E3SM_IO_RELEASE_DATE='January 18, 2024'
E3SM_IO_RELEASE_DATE_FULL='2024-01-18'
E3SM_IO_THREADING_FALSE=''
E3SM_IO_THREADING_TRUE='#'
E3SM_IO_VERSION='1.3.0'
E3SM_IO_VERSION_MAJOR='1'
E3SM_IO_VERSION_MINOR='3'
E3SM_IO_VERSION_SUB='0'
ECHO_C=''
ECHO_N='-n'
ECHO_T=''
EGREP='/usr/bin/grep -E'
ENABLE_ADIOS2_FALSE=''
ENABLE_ADIOS2_TRUE='#'
ENABLE_HDF5_FALSE='#'
ENABLE_HDF5_TRUE=''
ENABLE_LOGVOL_FALSE=''
ENABLE_LOGVOL_TRUE='#'
ENABLE_NETCDF4_FALSE=''
ENABLE_NETCDF4_TRUE='#'
ENABLE_PNC_FALSE=''
ENABLE_PNC_TRUE='#'
ETAGS='etags'
EXEEXT=''
FGREP='/usr/bin/grep -F'
GREP='/usr/bin/grep'
H5LDUMP=''
H5LREPLAY=''
HAVE_CXX11='1'
HAVE_CXX17='1'
HAVE_CXX17_FALSE='#'
HAVE_CXX17_TRUE=''
HAVE_FILESYSTEM_HPP_FALSE=''
HAVE_FILESYSTEM_HPP_TRUE='#'
HDF5_HAVE_MULTI_DATASET_API_FALSE='#'
HDF5_HAVE_MULTI_DATASET_API_TRUE=''
HDF5_LIB_PATH='/home/asasidharan/spack/opt/spack/linux-ubuntu22.04-skylake_avx512/gcc-11.3.0/hdf5-1.14.0-mib6axlcq2pzpuwivd2ijdbqmdmth43k/lib'
INSTALL_DATA='${INSTALL} -m 644'
INSTALL_PROGRAM='${INSTALL}'
INSTALL_SCRIPT='${INSTALL}'
INSTALL_STRIP_PROGRAM='$(install_sh) -c -s'
LD='/usr/bin/ld -m elf_x86_64'
LDFLAGS='    -L/home/asasidharan/spack/opt/spack/linux-ubuntu22.04-skylake_avx512/gcc-11.3.0/hdf5-1.14.0-mib6axlcq2pzpuwivd2ijdbqmdmth43k/lib'
LIBOBJS=''
LIBS='-lhdf5 -lm -lz -lmpi'
LIBTOOL='$(SHELL) $(top_builddir)/libtool'
LIPO=''
LN_S='ln -s'
LOGVOL_LIB_PATH=''
LOGVOL_LIB_SHARED=''
LTLIBOBJS=''
LT_SYS_LIBRARY_PATH=''
M4='m4'
M4FFLAGS=''
M4FLAGS=''
MAINT=''
MAINTAINER_MODE_FALSE='#'
MAINTAINER_MODE_TRUE=''
MAKEINFO='${SHELL} '\''/home/asasidharan/H5BENCH/h5bench/e3sm/scripts/missing'\'' makeinfo'
MANIFEST_TOOL=':'
MKDIR_P='/usr/bin/mkdir -p'
MPICC='/mnt/common/asasidharan/spack/var/spack/environments/new-env6/.spack-env/view/bin/mpicc'
MPICXX='/mnt/common/asasidharan/spack/var/spack/environments/new-env6/.spack-env/view/bin/mpic++'
NETCDF4_LIB_PATH=''
NM='/usr/bin/nm -B'
NMEDIT=''
OBJDUMP='objdump'
OBJEXT='o'
OTOOL64=''
OTOOL=''
PACKAGE='e3sm_io'
PACKAGE_BUGREPORT=''
PACKAGE_NAME='e3sm_io'
PACKAGE_STRING='e3sm_io 1.3.0'
PACKAGE_TARNAME='e3sm_io'
PACKAGE_URL=''
PACKAGE_VERSION='1.3.0'
PATH_SEPARATOR=':'
PNETCDF_LIB_PATH=''
RANLIB='ranlib'
SED='/usr/bin/sed'
SED_I='/usr/bin/sed -i'\'''\'''
SET_MAKE=''
SHELL='/bin/bash'
STRIP='strip'
TESTMPIRUN='mpiexec'
TESTOUTDIR='./test_output'
VERSION='1.3.0'
ac_ct_AR='ar'
ac_ct_CC='/mnt/common/asasidharan/spack/var/spack/environments/new-env6/.spack-env/view/bin/mpicc'
ac_ct_CXX=''
ac_ct_DUMPBIN=''
ac_mpi_prog_MPICC=''
ac_mpi_prog_MPICXX=''
ac_mpi_prog_TESTMPIRUN=''
adios2_config=''
am__EXEEXT_FALSE=''
am__EXEEXT_TRUE='#'
am__fastdepCC_FALSE='#'
am__fastdepCC_TRUE=''
am__fastdepCXX_FALSE='#'
am__fastdepCXX_TRUE=''
am__include='include'
am__isrc=''
am__leading_dot='.'
am__nodep='_no'
am__quote=''
am__tar='$${TAR-tar} chof - "$$tardir"'
am__untar='$${TAR-tar} xf -'
bindir='${exec_prefix}/bin'
build='x86_64-pc-linux-gnu'
build_alias=''
build_cpu='x86_64'
build_os='linux-gnu'
build_vendor='pc'
datadir='${datarootdir}'
datarootdir='${prefix}/share'
docdir='${datarootdir}/doc/${PACKAGE_TARNAME}'
dvidir='${docdir}'
exec_prefix='${prefix}'
h5ldump=''
h5lreplay=''
host='x86_64-pc-linux-gnu'
host_alias=''
host_cpu='x86_64'
host_os='linux-gnu'
host_vendor='pc'
htmldir='${docdir}'
includedir='${prefix}/include'
infodir='${datarootdir}/info'
install_sh='${SHELL} /home/asasidharan/H5BENCH/h5bench/e3sm/scripts/install-sh'
libdir='${exec_prefix}/lib'
libexecdir='${exec_prefix}/libexec'
localedir='${datarootdir}/locale'
localstatedir='${prefix}/var'
mandir='${datarootdir}/man'
mkdir_p='$(MKDIR_P)'
netcdf4_config=''
oldincludedir='/usr/include'
pdfdir='${docdir}'
prefix='/home/asasidharan/H5BENCH/h5bench/build'
program_transform_name='s,x,x,'
psdir='${docdir}'
runstatedir='${localstatedir}/run'
sbindir='${exec_prefix}/sbin'
sharedstatedir='${prefix}/com'
sysconfdir='${prefix}/etc'
target_alias=''

## ----------- ##
## confdefs.h. ##
## ----------- ##

/* confdefs.h */
#define PACKAGE_NAME "e3sm_io"
#define PACKAGE_TARNAME "e3sm_io"
#define PACKAGE_VERSION "1.3.0"
#define PACKAGE_STRING "e3sm_io 1.3.0"
#define PACKAGE_BUGREPORT ""
#define PACKAGE_URL ""
#define PACKAGE "e3sm_io"
#define VERSION "1.3.0"
#define HAVE_CXX17 1
#define HAVE_CXX11 1
#define HAVE_STDIO_H 1
#define HAVE_STDLIB_H 1
#define HAVE_STRING_H 1
#define HAVE_INTTYPES_H 1
#define HAVE_STDINT_H 1
#define HAVE_STRINGS_H 1
#define HAVE_SYS_STAT_H 1
#define HAVE_SYS_TYPES_H 1
#define HAVE_UNISTD_H 1
#define STDC_HEADERS 1
#define HAVE_DLFCN_H 1
#define LT_OBJDIR ".libs/"
#define HAVE_FTS_H 1
#define HAVE_ACCESS 1
#define HAVE_UNLINK 1
#define HAVE_DECL_H5S_BLOCK 1
#define HDF5_HAVE_H5SBLOCK 1
#define ENABLE_HDF5 1
#define HDF5_HAVE_MULTI_DATASET_API 1

configure: exit 0
